[2021-06-10 05:44:46] local.ERROR: Please provide a valid cache path. {"exception":"[object] (InvalidArgumentException(code: 0): Please provide a valid cache path. at /Users/macbook/Downloads/A_BWS_WEB_PalugadaStore/palugada/vendor/laravel/framework/src/Illuminate/View/Compilers/Compiler.php:36)
[stacktrace]
#0 /Users/macbook/Downloads/A_BWS_WEB_PalugadaStore/palugada/vendor/laravel/framework/src/Illuminate/View/ViewServiceProvider.php(92): Illuminate\\View\\Compilers\\Compiler->__construct(Object(Illuminate\\Filesystem\\Filesystem), false)
#1 /Users/macbook/Downloads/A_BWS_WEB_PalugadaStore/palugada/vendor/laravel/framework/src/Illuminate/Container/Container.php(799): Illuminate\\View\\ViewServiceProvider->Illuminate\\View\\{closure}(Object(Illuminate\\Foundation\\Application), Array)
#2 /Users/macbook/Downloads/A_BWS_WEB_PalugadaStore/palugada/vendor/laravel/framework/src/Illuminate/Container/Container.php(681): Illuminate\\Container\\Container->build(Object(Closure))
#3 /Users/macbook/Downloads/A_BWS_WEB_PalugadaStore/palugada/vendor/laravel/framework/src/Illuminate/Foundation/Application.php(785): Illuminate\\Container\\Container->resolve('blade.compiler', Array, true)
#4 /Users/macbook/Downloads/A_BWS_WEB_PalugadaStore/palugada/vendor/laravel/framework/src/Illuminate/Container/Container.php(629): Illuminate\\Foundation\\Application->resolve('blade.compiler', Array)
#5 /Users/macbook/Downloads/A_BWS_WEB_PalugadaStore/palugada/vendor/laravel/framework/src/Illuminate/Foundation/Application.php(770): Illuminate\\Container\\Container->make('blade.compiler', Array)
#6 /Users/macbook/Downloads/A_BWS_WEB_PalugadaStore/palugada/vendor/laravel/framework/src/Illuminate/Container/Container.php(1245): Illuminate\\Foundation\\Application->make('blade.compiler')
#7 /Users/macbook/Downloads/A_BWS_WEB_PalugadaStore/palugada/vendor/laravel/framework/src/Illuminate/View/ViewServiceProvider.php(153): Illuminate\\Container\\Container->offsetGet('blade.compiler')
#8 [internal function]: Illuminate\\View\\ViewServiceProvider->Illuminate\\View\\{closure}()
#9 /Users/macbook/Downloads/A_BWS_WEB_PalugadaStore/palugada/vendor/laravel/framework/src/Illuminate/View/Engines/EngineResolver.php(55): call_user_func(Object(Closure))
#10 /Users/macbook/Downloads/A_BWS_WEB_PalugadaStore/palugada/vendor/facade/ignition/src/IgnitionServiceProvider.php(378): Illuminate\\View\\Engines\\EngineResolver->resolve('blade')
#11 /Users/macbook/Downloads/A_BWS_WEB_PalugadaStore/palugada/vendor/facade/ignition/src/IgnitionServiceProvider.php(117): Facade\\Ignition\\IgnitionServiceProvider->hasCustomViewEnginesRegistered()
#12 /Users/macbook/Downloads/A_BWS_WEB_PalugadaStore/palugada/vendor/facade/ignition/src/IgnitionServiceProvider.php(79): Facade\\Ignition\\IgnitionServiceProvider->registerViewEngines()
#13 /Users/macbook/Downloads/A_BWS_WEB_PalugadaStore/palugada/vendor/laravel/framework/src/Illuminate/Container/BoundMethod.php(36): Facade\\Ignition\\IgnitionServiceProvider->boot()
#14 /Users/macbook/Downloads/A_BWS_WEB_PalugadaStore/palugada/vendor/laravel/framework/src/Illuminate/Container/Util.php(37): Illuminate\\Container\\BoundMethod::Illuminate\\Container\\{closure}()
#15 /Users/macbook/Downloads/A_BWS_WEB_PalugadaStore/palugada/vendor/laravel/framework/src/Illuminate/Container/BoundMethod.php(93): Illuminate\\Container\\Util::unwrapIfClosure(Object(Closure))
#16 /Users/macbook/Downloads/A_BWS_WEB_PalugadaStore/palugada/vendor/laravel/framework/src/Illuminate/Container/BoundMethod.php(37): Illuminate\\Container\\BoundMethod::callBoundMethod(Object(Illuminate\\Foundation\\Application), Array, Object(Closure))
#17 /Users/macbook/Downloads/A_BWS_WEB_PalugadaStore/palugada/vendor/laravel/framework/src/Illuminate/Container/Container.php(590): Illuminate\\Container\\BoundMethod::call(Object(Illuminate\\Foundation\\Application), Array, Array, NULL)
#18 /Users/macbook/Downloads/A_BWS_WEB_PalugadaStore/palugada/vendor/laravel/framework/src/Illuminate/Foundation/Application.php(856): Illuminate\\Container\\Container->call(Array)
#19 /Users/macbook/Downloads/A_BWS_WEB_PalugadaStore/palugada/vendor/laravel/framework/src/Illuminate/Foundation/Application.php(839): Illuminate\\Foundation\\Application->bootProvider(Object(Facade\\Ignition\\IgnitionServiceProvider))
#20 [internal function]: Illuminate\\Foundation\\Application->Illuminate\\Foundation\\{closure}(Object(Facade\\Ignition\\IgnitionServiceProvider), 14)
#21 /Users/macbook/Downloads/A_BWS_WEB_PalugadaStore/palugada/vendor/laravel/framework/src/Illuminate/Foundation/Application.php(840): array_walk(Array, Object(Closure))
#22 /Users/macbook/Downloads/A_BWS_WEB_PalugadaStore/palugada/vendor/laravel/framework/src/Illuminate/Foundation/Bootstrap/BootProviders.php(17): Illuminate\\Foundation\\Application->boot()
#23 /Users/macbook/Downloads/A_BWS_WEB_PalugadaStore/palugada/vendor/laravel/framework/src/Illuminate/Foundation/Application.php(219): Illuminate\\Foundation\\Bootstrap\\BootProviders->bootstrap(Object(Illuminate\\Foundation\\Application))
#24 /Users/macbook/Downloads/A_BWS_WEB_PalugadaStore/palugada/vendor/laravel/framework/src/Illuminate/Foundation/Console/Kernel.php(320): Illuminate\\Foundation\\Application->bootstrapWith(Array)
#25 /Users/macbook/Downloads/A_BWS_WEB_PalugadaStore/palugada/vendor/laravel/framework/src/Illuminate/Foundation/Console/Kernel.php(129): Illuminate\\Foundation\\Console\\Kernel->bootstrap()
#26 /Users/macbook/Downloads/A_BWS_WEB_PalugadaStore/palugada/artisan(37): Illuminate\\Foundation\\Console\\Kernel->handle(Object(Symfony\\Component\\Console\\Input\\ArgvInput), Object(Symfony\\Component\\Console\\Output\\ConsoleOutput))
#27 {main}
"} 
[2021-06-10 05:44:51] local.ERROR: Please provide a valid cache path. {"exception":"[object] (InvalidArgumentException(code: 0): Please provide a valid cache path. at /Users/macbook/Downloads/A_BWS_WEB_PalugadaStore/palugada/vendor/laravel/framework/src/Illuminate/View/Compilers/Compiler.php:36)
[stacktrace]
#0 /Users/macbook/Downloads/A_BWS_WEB_PalugadaStore/palugada/vendor/laravel/framework/src/Illuminate/View/ViewServiceProvider.php(92): Illuminate\\View\\Compilers\\Compiler->__construct(Object(Illuminate\\Filesystem\\Filesystem), false)
#1 /Users/macbook/Downloads/A_BWS_WEB_PalugadaStore/palugada/vendor/laravel/framework/src/Illuminate/Container/Container.php(799): Illuminate\\View\\ViewServiceProvider->Illuminate\\View\\{closure}(Object(Illuminate\\Foundation\\Application), Array)
#2 /Users/macbook/Downloads/A_BWS_WEB_PalugadaStore/palugada/vendor/laravel/framework/src/Illuminate/Container/Container.php(681): Illuminate\\Container\\Container->build(Object(Closure))
#3 /Users/macbook/Downloads/A_BWS_WEB_PalugadaStore/palugada/vendor/laravel/framework/src/Illuminate/Foundation/Application.php(785): Illuminate\\Container\\Container->resolve('blade.compiler', Array, true)
#4 /Users/macbook/Downloads/A_BWS_WEB_PalugadaStore/palugada/vendor/laravel/framework/src/Illuminate/Container/Container.php(629): Illuminate\\Foundation\\Application->resolve('blade.compiler', Array)
#5 /Users/macbook/Downloads/A_BWS_WEB_PalugadaStore/palugada/vendor/laravel/framework/src/Illuminate/Foundation/Application.php(770): Illuminate\\Container\\Container->make('blade.compiler', Array)
#6 /Users/macbook/Downloads/A_BWS_WEB_PalugadaStore/palugada/vendor/laravel/framework/src/Illuminate/Container/Container.php(1245): Illuminate\\Foundation\\Application->make('blade.compiler')
#7 /Users/macbook/Downloads/A_BWS_WEB_PalugadaStore/palugada/vendor/laravel/framework/src/Illuminate/View/ViewServiceProvider.php(153): Illuminate\\Container\\Container->offsetGet('blade.compiler')
#8 [internal function]: Illuminate\\View\\ViewServiceProvider->Illuminate\\View\\{closure}()
#9 /Users/macbook/Downloads/A_BWS_WEB_PalugadaStore/palugada/vendor/laravel/framework/src/Illuminate/View/Engines/EngineResolver.php(55): call_user_func(Object(Closure))
#10 /Users/macbook/Downloads/A_BWS_WEB_PalugadaStore/palugada/vendor/facade/ignition/src/IgnitionServiceProvider.php(378): Illuminate\\View\\Engines\\EngineResolver->resolve('blade')
#11 /Users/macbook/Downloads/A_BWS_WEB_PalugadaStore/palugada/vendor/facade/ignition/src/IgnitionServiceProvider.php(117): Facade\\Ignition\\IgnitionServiceProvider->hasCustomViewEnginesRegistered()
#12 /Users/macbook/Downloads/A_BWS_WEB_PalugadaStore/palugada/vendor/facade/ignition/src/IgnitionServiceProvider.php(79): Facade\\Ignition\\IgnitionServiceProvider->registerViewEngines()
#13 /Users/macbook/Downloads/A_BWS_WEB_PalugadaStore/palugada/vendor/laravel/framework/src/Illuminate/Container/BoundMethod.php(36): Facade\\Ignition\\IgnitionServiceProvider->boot()
#14 /Users/macbook/Downloads/A_BWS_WEB_PalugadaStore/palugada/vendor/laravel/framework/src/Illuminate/Container/Util.php(37): Illuminate\\Container\\BoundMethod::Illuminate\\Container\\{closure}()
#15 /Users/macbook/Downloads/A_BWS_WEB_PalugadaStore/palugada/vendor/laravel/framework/src/Illuminate/Container/BoundMethod.php(93): Illuminate\\Container\\Util::unwrapIfClosure(Object(Closure))
#16 /Users/macbook/Downloads/A_BWS_WEB_PalugadaStore/palugada/vendor/laravel/framework/src/Illuminate/Container/BoundMethod.php(37): Illuminate\\Container\\BoundMethod::callBoundMethod(Object(Illuminate\\Foundation\\Application), Array, Object(Closure))
#17 /Users/macbook/Downloads/A_BWS_WEB_PalugadaStore/palugada/vendor/laravel/framework/src/Illuminate/Container/Container.php(590): Illuminate\\Container\\BoundMethod::call(Object(Illuminate\\Foundation\\Application), Array, Array, NULL)
#18 /Users/macbook/Downloads/A_BWS_WEB_PalugadaStore/palugada/vendor/laravel/framework/src/Illuminate/Foundation/Application.php(856): Illuminate\\Container\\Container->call(Array)
#19 /Users/macbook/Downloads/A_BWS_WEB_PalugadaStore/palugada/vendor/laravel/framework/src/Illuminate/Foundation/Application.php(839): Illuminate\\Foundation\\Application->bootProvider(Object(Facade\\Ignition\\IgnitionServiceProvider))
#20 [internal function]: Illuminate\\Foundation\\Application->Illuminate\\Foundation\\{closure}(Object(Facade\\Ignition\\IgnitionServiceProvider), 14)
#21 /Users/macbook/Downloads/A_BWS_WEB_PalugadaStore/palugada/vendor/laravel/framework/src/Illuminate/Foundation/Application.php(840): array_walk(Array, Object(Closure))
#22 /Users/macbook/Downloads/A_BWS_WEB_PalugadaStore/palugada/vendor/laravel/framework/src/Illuminate/Foundation/Bootstrap/BootProviders.php(17): Illuminate\\Foundation\\Application->boot()
#23 /Users/macbook/Downloads/A_BWS_WEB_PalugadaStore/palugada/vendor/laravel/framework/src/Illuminate/Foundation/Application.php(219): Illuminate\\Foundation\\Bootstrap\\BootProviders->bootstrap(Object(Illuminate\\Foundation\\Application))
#24 /Users/macbook/Downloads/A_BWS_WEB_PalugadaStore/palugada/vendor/laravel/framework/src/Illuminate/Foundation/Console/Kernel.php(320): Illuminate\\Foundation\\Application->bootstrapWith(Array)
#25 /Users/macbook/Downloads/A_BWS_WEB_PalugadaStore/palugada/vendor/laravel/framework/src/Illuminate/Foundation/Console/Kernel.php(129): Illuminate\\Foundation\\Console\\Kernel->bootstrap()
#26 /Users/macbook/Downloads/A_BWS_WEB_PalugadaStore/palugada/artisan(37): Illuminate\\Foundation\\Console\\Kernel->handle(Object(Symfony\\Component\\Console\\Input\\ArgvInput), Object(Symfony\\Component\\Console\\Output\\ConsoleOutput))
#27 {main}
"} 
[2021-06-10 05:45:00] local.ERROR: Please provide a valid cache path. {"exception":"[object] (InvalidArgumentException(code: 0): Please provide a valid cache path. at /Users/macbook/Downloads/A_BWS_WEB_PalugadaStore/palugada/vendor/laravel/framework/src/Illuminate/View/Compilers/Compiler.php:36)
[stacktrace]
#0 /Users/macbook/Downloads/A_BWS_WEB_PalugadaStore/palugada/vendor/laravel/framework/src/Illuminate/View/ViewServiceProvider.php(92): Illuminate\\View\\Compilers\\Compiler->__construct(Object(Illuminate\\Filesystem\\Filesystem), false)
#1 /Users/macbook/Downloads/A_BWS_WEB_PalugadaStore/palugada/vendor/laravel/framework/src/Illuminate/Container/Container.php(799): Illuminate\\View\\ViewServiceProvider->Illuminate\\View\\{closure}(Object(Illuminate\\Foundation\\Application), Array)
#2 /Users/macbook/Downloads/A_BWS_WEB_PalugadaStore/palugada/vendor/laravel/framework/src/Illuminate/Container/Container.php(681): Illuminate\\Container\\Container->build(Object(Closure))
#3 /Users/macbook/Downloads/A_BWS_WEB_PalugadaStore/palugada/vendor/laravel/framework/src/Illuminate/Foundation/Application.php(785): Illuminate\\Container\\Container->resolve('blade.compiler', Array, true)
#4 /Users/macbook/Downloads/A_BWS_WEB_PalugadaStore/palugada/vendor/laravel/framework/src/Illuminate/Container/Container.php(629): Illuminate\\Foundation\\Application->resolve('blade.compiler', Array)
#5 /Users/macbook/Downloads/A_BWS_WEB_PalugadaStore/palugada/vendor/laravel/framework/src/Illuminate/Foundation/Application.php(770): Illuminate\\Container\\Container->make('blade.compiler', Array)
#6 /Users/macbook/Downloads/A_BWS_WEB_PalugadaStore/palugada/vendor/laravel/framework/src/Illuminate/Container/Container.php(1245): Illuminate\\Foundation\\Application->make('blade.compiler')
#7 /Users/macbook/Downloads/A_BWS_WEB_PalugadaStore/palugada/vendor/laravel/framework/src/Illuminate/View/ViewServiceProvider.php(153): Illuminate\\Container\\Container->offsetGet('blade.compiler')
#8 [internal function]: Illuminate\\View\\ViewServiceProvider->Illuminate\\View\\{closure}()
#9 /Users/macbook/Downloads/A_BWS_WEB_PalugadaStore/palugada/vendor/laravel/framework/src/Illuminate/View/Engines/EngineResolver.php(55): call_user_func(Object(Closure))
#10 /Users/macbook/Downloads/A_BWS_WEB_PalugadaStore/palugada/vendor/facade/ignition/src/IgnitionServiceProvider.php(378): Illuminate\\View\\Engines\\EngineResolver->resolve('blade')
#11 /Users/macbook/Downloads/A_BWS_WEB_PalugadaStore/palugada/vendor/facade/ignition/src/IgnitionServiceProvider.php(117): Facade\\Ignition\\IgnitionServiceProvider->hasCustomViewEnginesRegistered()
#12 /Users/macbook/Downloads/A_BWS_WEB_PalugadaStore/palugada/vendor/facade/ignition/src/IgnitionServiceProvider.php(79): Facade\\Ignition\\IgnitionServiceProvider->registerViewEngines()
#13 /Users/macbook/Downloads/A_BWS_WEB_PalugadaStore/palugada/vendor/laravel/framework/src/Illuminate/Container/BoundMethod.php(36): Facade\\Ignition\\IgnitionServiceProvider->boot()
#14 /Users/macbook/Downloads/A_BWS_WEB_PalugadaStore/palugada/vendor/laravel/framework/src/Illuminate/Container/Util.php(37): Illuminate\\Container\\BoundMethod::Illuminate\\Container\\{closure}()
#15 /Users/macbook/Downloads/A_BWS_WEB_PalugadaStore/palugada/vendor/laravel/framework/src/Illuminate/Container/BoundMethod.php(93): Illuminate\\Container\\Util::unwrapIfClosure(Object(Closure))
#16 /Users/macbook/Downloads/A_BWS_WEB_PalugadaStore/palugada/vendor/laravel/framework/src/Illuminate/Container/BoundMethod.php(37): Illuminate\\Container\\BoundMethod::callBoundMethod(Object(Illuminate\\Foundation\\Application), Array, Object(Closure))
#17 /Users/macbook/Downloads/A_BWS_WEB_PalugadaStore/palugada/vendor/laravel/framework/src/Illuminate/Container/Container.php(590): Illuminate\\Container\\BoundMethod::call(Object(Illuminate\\Foundation\\Application), Array, Array, NULL)
#18 /Users/macbook/Downloads/A_BWS_WEB_PalugadaStore/palugada/vendor/laravel/framework/src/Illuminate/Foundation/Application.php(856): Illuminate\\Container\\Container->call(Array)
#19 /Users/macbook/Downloads/A_BWS_WEB_PalugadaStore/palugada/vendor/laravel/framework/src/Illuminate/Foundation/Application.php(839): Illuminate\\Foundation\\Application->bootProvider(Object(Facade\\Ignition\\IgnitionServiceProvider))
#20 [internal function]: Illuminate\\Foundation\\Application->Illuminate\\Foundation\\{closure}(Object(Facade\\Ignition\\IgnitionServiceProvider), 14)
#21 /Users/macbook/Downloads/A_BWS_WEB_PalugadaStore/palugada/vendor/laravel/framework/src/Illuminate/Foundation/Application.php(840): array_walk(Array, Object(Closure))
#22 /Users/macbook/Downloads/A_BWS_WEB_PalugadaStore/palugada/vendor/laravel/framework/src/Illuminate/Foundation/Bootstrap/BootProviders.php(17): Illuminate\\Foundation\\Application->boot()
#23 /Users/macbook/Downloads/A_BWS_WEB_PalugadaStore/palugada/vendor/laravel/framework/src/Illuminate/Foundation/Application.php(219): Illuminate\\Foundation\\Bootstrap\\BootProviders->bootstrap(Object(Illuminate\\Foundation\\Application))
#24 /Users/macbook/Downloads/A_BWS_WEB_PalugadaStore/palugada/vendor/laravel/framework/src/Illuminate/Foundation/Console/Kernel.php(320): Illuminate\\Foundation\\Application->bootstrapWith(Array)
#25 /Users/macbook/Downloads/A_BWS_WEB_PalugadaStore/palugada/vendor/laravel/framework/src/Illuminate/Foundation/Console/Kernel.php(129): Illuminate\\Foundation\\Console\\Kernel->bootstrap()
#26 /Users/macbook/Downloads/A_BWS_WEB_PalugadaStore/palugada/artisan(37): Illuminate\\Foundation\\Console\\Kernel->handle(Object(Symfony\\Component\\Console\\Input\\ArgvInput), Object(Symfony\\Component\\Console\\Output\\ConsoleOutput))
#27 {main}
"} 
